Processor grid doesn't divide rows and columns evenly
Processor grid doesn't divide rows and columns evenly
Processor grid doesn't divide rows and columns evenly
Processor grid doesn't divide rows and columns evenly
Processor grid doesn't divide rows and columns evenly
Processor grid doesn't divide rows and columns evenly
Processor grid doesn't divide rows and columns evenly
Processor grid doesn't divide rows and columns evenly
Processor grid doesn't divide rows and columns evenly
Processor grid doesn't divide rows and columns evenly
Processor grid doesn't divide rows and columns evenly
Processor grid doesn't divide rows and columns evenly
Processor grid doesn't divide rows and columns evenly
Processor grid doesn't divide rows and columns evenlyProcessor grid doesn't divide rows and columns evenly

Processor grid doesn't divide rows and columns evenlyProcessor grid doesn't divide rows and columns evenly

Processor grid doesn't divide rows and columns evenly
Processor grid doesn't divide rows and columns evenlyProcessor grid doesn't divide rows and columns evenly

Processor grid doesn't divide rows and columns evenly
Processor grid doesn't divide rows and columns evenly
Processor grid doesn't divide rows and columns evenly
Processor grid doesn't divide rows and columns evenly
Processor grid doesn't divide rows and columns evenly
Processor grid doesn't divide rows and columns evenly
Processor grid doesn't divide rows and columns evenly
Processor grid doesn't divide rows and columns evenlyProcessor grid doesn't divide rows and columns evenly

Processor grid doesn't divide rows and columns evenly
Processor grid doesn't divide rows and columns evenly
Processor grid doesn't divide rows and columns evenlyProcessor grid doesn't divide rows and columns evenly
Processor grid doesn't divide rows and columns evenly

Processor grid doesn't divide rows and columns evenly
Processor grid doesn't divide rows and columns evenly
Processor grid doesn't divide rows and columns evenly
Processor grid doesn't divide rows and columns evenly
Processor grid doesn't divide rows and columns evenly
Processor grid doesn't divide rows and columns evenly
Processor grid doesn't divide rows and columns evenly
Processor grid doesn't divide rows and columns evenly
Processor grid doesn't divide rows and columns evenly
Processor grid doesn't divide rows and columns evenly
Processor grid doesn't divide rows and columns evenly
Processor grid doesn't divide rows and columns evenly
Processor grid doesn't divide rows and columns evenly
Processor grid doesn't divide rows and columns evenly
Processor grid doesn't divide rows and columns evenly
Processor grid doesn't divide rows and columns evenly
Processor grid doesn't divide rows and columns evenly
Processor grid doesn't divide rows and columns evenly
Processor grid doesn't divide rows and columns evenly
Processor grid doesn't divide rows and columns evenly
Processor grid doesn't divide rows and columns evenly
Processor grid doesn't divide rows and columns evenly
Processor grid doesn't divide rows and columns evenly
Processor grid doesn't divide rows and columns evenly
Processor grid doesn't divide rows and columns evenly
Processor grid doesn't divide rows and columns evenly
Processor grid doesn't divide rows and columns evenly
Processor grid doesn't divide rows and columns evenly
Processor grid doesn't divide rows and columns evenly
Processor grid doesn't divide rows and columns evenly
Processor grid doesn't divide rows and columns evenly
Processor grid doesn't divide rows and columns evenly
Processor grid doesn't divide rows and columns evenly
Processor grid doesn't divide rows and columns evenly
Processor grid doesn't divide rows and columns evenly
Processor grid doesn't divide rows and columns evenly
Processor grid doesn't divide rows and columns evenly
Processor grid doesn't divide rows and columns evenly
Processor grid doesn't divide rows and columns evenly
Processor grid doesn't divide rows and columns evenly
Processor grid doesn't divide rows and columns evenly
Processor grid doesn't divide rows and columns evenly
Processor grid doesn't divide rows and columns evenly
Processor grid doesn't divide rows and columns evenly
Processor grid doesn't divide rows and columns evenly
Processor grid doesn't divide rows and columns evenly
Processor grid doesn't divide rows and columns evenly
Processor grid doesn't divide rows and columns evenly
Processor grid doesn't divide rows and columns evenly
Processor grid doesn't divide rows and columns evenly
Processor grid doesn't divide rows and columns evenly
Processor grid doesn't divide rows and columns evenly
Processor grid doesn't divide rows and columns evenly
Processor grid doesn't divide rows and columns evenly
Processor grid doesn't divide rows and columns evenly
Processor grid doesn't divide rows and columns evenly
Processor grid doesn't divide rows and columns evenly
Processor grid doesn't divide rows and columns evenly
Processor grid doesn't divide rows and columns evenly
Processor grid doesn't divide rows and columns evenly
Processor grid doesn't divide rows and columns evenly
Processor grid doesn't divide rows and columns evenly
Processor grid doesn't divide rows and columns evenly
Processor grid doesn't divide rows and columns evenly
Processor grid doesn't divide rows and columns evenly
Processor grid doesn't divide rows and columns evenly
Processor grid doesn't divide rows and columns evenly
Processor grid doesn't divide rows and columns evenly
Processor grid doesn't divide rows and columns evenly
Processor grid doesn't divide rows and columns evenly
Processor grid doesn't divide rows and columns evenly
Processor grid doesn't divide rows and columns evenly
Processor grid doesn't divide rows and columns evenly
Processor grid doesn't divide rows and columns evenly
Processor grid doesn't divide rows and columns evenly
Processor grid doesn't divide rows and columns evenly
Processor grid doesn't divide rows and columns evenly
Processor grid doesn't divide rows and columns evenly
Processor grid doesn't divide rows and columns evenly
Processor grid doesn't divide rows and columns evenly
Processor grid doesn't divide rows and columns evenly
Processor grid doesn't divide rows and columns evenly
Processor grid doesn't divide rows and columns evenly
Processor grid doesn't divide rows and columns evenly
Processor grid doesn't divide rows and columns evenly
Processor grid doesn't divide rows and columns evenly
Processor grid doesn't divide rows and columns evenly
Processor grid doesn't divide rows and columns evenly
Processor grid doesn't divide rows and columns evenly
Processor grid doesn't divide rows and columns evenly
Processor grid doesn't divide rows and columns evenly
--------------------------------------------------------------------------
Primary job  terminated normally, but 1 process returned
a non-zero exit code. Per user-direction, the job has been aborted.
--------------------------------------------------------------------------
--------------------------------------------------------------------------
mpirun detected that one or more processes exited with non-zero status, thus causing
the job to be terminated. The first process to do so was:

  Process name: [[12617,1],113]
  Exit code:    1
--------------------------------------------------------------------------
Processor grid doesn't divide rows and columns evenlyProcessor grid doesn't divide rows and columns evenly
Processor grid doesn't divide rows and columns evenly
Processor grid doesn't divide rows and columns evenly
Processor grid doesn't divide rows and columns evenly
Processor grid doesn't divide rows and columns evenly
Processor grid doesn't divide rows and columns evenly
Processor grid doesn't divide rows and columns evenly
Processor grid doesn't divide rows and columns evenly

Processor grid doesn't divide rows and columns evenly
Processor grid doesn't divide rows and columns evenly
Processor grid doesn't divide rows and columns evenly
Processor grid doesn't divide rows and columns evenly
Processor grid doesn't divide rows and columns evenly
Processor grid doesn't divide rows and columns evenly
Processor grid doesn't divide rows and columns evenly
Processor grid doesn't divide rows and columns evenly
Processor grid doesn't divide rows and columns evenly
Processor grid doesn't divide rows and columns evenly
Processor grid doesn't divide rows and columns evenly
Processor grid doesn't divide rows and columns evenly
Processor grid doesn't divide rows and columns evenly
Processor grid doesn't divide rows and columns evenly
Processor grid doesn't divide rows and columns evenly
Processor grid doesn't divide rows and columns evenly
Processor grid doesn't divide rows and columns evenly
Processor grid doesn't divide rows and columns evenly
Processor grid doesn't divide rows and columns evenly
Processor grid doesn't divide rows and columns evenly
Processor grid doesn't divide rows and columns evenly
Processor grid doesn't divide rows and columns evenly
Processor grid doesn't divide rows and columns evenly
Processor grid doesn't divide rows and columns evenly
Processor grid doesn't divide rows and columns evenly
Processor grid doesn't divide rows and columns evenly
Processor grid doesn't divide rows and columns evenly
Processor grid doesn't divide rows and columns evenly
Processor grid doesn't divide rows and columns evenly
Processor grid doesn't divide rows and columns evenly
Processor grid doesn't divide rows and columns evenly
Processor grid doesn't divide rows and columns evenly
Processor grid doesn't divide rows and columns evenly
Processor grid doesn't divide rows and columns evenly
Processor grid doesn't divide rows and columns evenly
Processor grid doesn't divide rows and columns evenly
Processor grid doesn't divide rows and columns evenly
Processor grid doesn't divide rows and columns evenly
Processor grid doesn't divide rows and columns evenly
Processor grid doesn't divide rows and columns evenly
Processor grid doesn't divide rows and columns evenly
Processor grid doesn't divide rows and columns evenly
Processor grid doesn't divide rows and columns evenly
Processor grid doesn't divide rows and columns evenly
Processor grid doesn't divide rows and columns evenly
Processor grid doesn't divide rows and columns evenly
Processor grid doesn't divide rows and columns evenly
Processor grid doesn't divide rows and columns evenly
Processor grid doesn't divide rows and columns evenly
Processor grid doesn't divide rows and columns evenly
Processor grid doesn't divide rows and columns evenly
Processor grid doesn't divide rows and columns evenly
Processor grid doesn't divide rows and columns evenly
Processor grid doesn't divide rows and columns evenly
Processor grid doesn't divide rows and columns evenly
Processor grid doesn't divide rows and columns evenly
Processor grid doesn't divide rows and columns evenly
Processor grid doesn't divide rows and columns evenly
Processor grid doesn't divide rows and columns evenly
Processor grid doesn't divide rows and columns evenly
Processor grid doesn't divide rows and columns evenly
Processor grid doesn't divide rows and columns evenly
Processor grid doesn't divide rows and columns evenly
Processor grid doesn't divide rows and columns evenly
Processor grid doesn't divide rows and columns evenly
Processor grid doesn't divide rows and columns evenly
Processor grid doesn't divide rows and columns evenly
Processor grid doesn't divide rows and columns evenly
Processor grid doesn't divide rows and columns evenly
Processor grid doesn't divide rows and columns evenly
Processor grid doesn't divide rows and columns evenly
Processor grid doesn't divide rows and columns evenly
Processor grid doesn't divide rows and columns evenly
Processor grid doesn't divide rows and columns evenly
Processor grid doesn't divide rows and columns evenly
Processor grid doesn't divide rows and columns evenly
Processor grid doesn't divide rows and columns evenly
Processor grid doesn't divide rows and columns evenly
Processor grid doesn't divide rows and columns evenly
Processor grid doesn't divide rows and columns evenly
Processor grid doesn't divide rows and columns evenly
Processor grid doesn't divide rows and columns evenly
Processor grid doesn't divide rows and columns evenly
Processor grid doesn't divide rows and columns evenly
Processor grid doesn't divide rows and columns evenly
Processor grid doesn't divide rows and columns evenly
Processor grid doesn't divide rows and columns evenly
Processor grid doesn't divide rows and columns evenly
Processor grid doesn't divide rows and columns evenly
Processor grid doesn't divide rows and columns evenly
Processor grid doesn't divide rows and columns evenly
Processor grid doesn't divide rows and columns evenly
Processor grid doesn't divide rows and columns evenly
Processor grid doesn't divide rows and columns evenly
Processor grid doesn't divide rows and columns evenly
Processor grid doesn't divide rows and columns evenly
Processor grid doesn't divide rows and columns evenly
Processor grid doesn't divide rows and columns evenly
Processor grid doesn't divide rows and columns evenly
Processor grid doesn't divide rows and columns evenly
Processor grid doesn't divide rows and columns evenly
Processor grid doesn't divide rows and columns evenly
Processor grid doesn't divide rows and columns evenly
Processor grid doesn't divide rows and columns evenly
Processor grid doesn't divide rows and columns evenly
Processor grid doesn't divide rows and columns evenly
Processor grid doesn't divide rows and columns evenly
Processor grid doesn't divide rows and columns evenly
Processor grid doesn't divide rows and columns evenly
Processor grid doesn't divide rows and columns evenly
Processor grid doesn't divide rows and columns evenly
Processor grid doesn't divide rows and columns evenly
Processor grid doesn't divide rows and columns evenly
Processor grid doesn't divide rows and columns evenly
Processor grid doesn't divide rows and columns evenly
Processor grid doesn't divide rows and columns evenly
Processor grid doesn't divide rows and columns evenly
Processor grid doesn't divide rows and columns evenly
Processor grid doesn't divide rows and columns evenly
--------------------------------------------------------------------------
Primary job  terminated normally, but 1 process returned
a non-zero exit code. Per user-direction, the job has been aborted.
--------------------------------------------------------------------------
--------------------------------------------------------------------------
mpirun detected that one or more processes exited with non-zero status, thus causing
the job to be terminated. The first process to do so was:

  Process name: [[12876,1],110]
  Exit code:    1
--------------------------------------------------------------------------
